<?xml version="1.0" encoding="UTF-8"?>
<testsuites>
  <testsuite id="0" name="/Users/hamed/Downloads/vue-basics-master/frontend/tests/unit/test.spec.js" errors="0" package="/Users/hamed/Downloads/vue-basics-master/frontend/tests/unit/test.spec.js" hostname="localhost" tests="1" failures="0" time="0.47" timestamp="2023-03-31T11:54:28">
    <properties>
    </properties>
    <testcase classname="Test" name="should pass" time="0">
    </testcase>
    <system-out/>
    <system-err/>
  </testsuite>
</testsuites>